<?xml version="1.0" encoding="UTF-8"?>
<TestRun id="66d67518-3a6e-4f70-856a-4d2d41a31eb2" name="Administrator@SO82 2014-09-25 17:30:00" runUser="SANDBOX\Administrator" xmlns="http://microsoft.com/schemas/VisualStudio/TeamTest/2010">
  <TestSettings name="Local" id="01ed233b-4a33-4391-b07f-18159bc5b228">
    <Description>These are default test settings for a local test run.</Description>
    <Deployment enabled="false" runDeploymentRoot="Administrator_SO82 2014-09-25 17_30_00">
      <DeploymentItem filename="C:\Users\Administrator\Documents\GitHub\Proj_c\ConsoleApplication1\packages\NUnit.2.6.3\lib\nunit.framework.dll" />
      <DeploymentItem filename="C:\Users\Administrator\Documents\GitHub\Proj_c\ConsoleApplication1\ConsoleApplication1\bin\Debug\ConsoleApplication1.exe" />
    </Deployment>
    <Execution>
      <TestTypeSpecific />
      <AgentRule name="Execution Agents">
      </AgentRule>
    </Execution>
  </TestSettings>
  <Times creation="2014-09-25T17:30:00.2998020+01:00" queuing="2014-09-25T17:30:00.4873020+01:00" start="2014-09-25T17:30:00.6435520+01:00" finish="2014-09-25T17:30:01.9248020+01:00" />
  <ResultSummary outcome="Completed">
    <Counters total="1" executed="1" passed="1" error="0" failed="0" timeout="0" aborted="0" inconclusive="0" passedButRunAborted="0" notRunnable="0" notExecuted="0" disconnected="0" warning="0" completed="0" inProgress="0" pending="0" />
  </ResultSummary>
  <TestDefinitions>
    <UnitTest name="CompareTimes" storage="c:\users\administrator\documents\github\proj_c\consoleapplication1\consoleapplication1_test\bin\debug\consoleapplication1_test.dll" id="f120ede6-2b63-f51b-1f29-59fa8fbbfa8f">
      <Execution id="e964b745-57ed-43bb-8a6c-f1eff3ae39d2" />
      <TestMethod codeBase="C:/Users/Administrator/Documents/GitHub/Proj_c/ConsoleApplication1/ConsoleApplication1_Test/bin/Debug/ConsoleApplication1_Test.DLL" adapterTypeName="Microsoft.VisualStudio.TestTools.TestTypes.Unit.UnitTestAdapter, Microsoft.VisualStudio.QualityTools.Tips.UnitTest.Adapter, Version=10.0.0.0, Culture=neutral, PublicKeyToken=b03f5f7f11d50a3a" className="ConsoleApplication1_Test.TestWork, ConsoleApplication1_Test, Version=1.0.0.0, Culture=neutral, PublicKeyToken=null" name="CompareTimes" />
    </UnitTest>
  </TestDefinitions>
  <TestLists>
    <TestList name="Results Not in a List" id="8c84fa94-04c1-424b-9868-57a2d4851a1d" />
    <TestList name="All Loaded Results" id="19431567-8539-422a-85d7-44ee4e166bda" />
  </TestLists>
  <TestEntries>
    <TestEntry testId="f120ede6-2b63-f51b-1f29-59fa8fbbfa8f" executionId="e964b745-57ed-43bb-8a6c-f1eff3ae39d2" testListId="8c84fa94-04c1-424b-9868-57a2d4851a1d" />
  </TestEntries>
  <Results>
    <UnitTestResult executionId="e964b745-57ed-43bb-8a6c-f1eff3ae39d2" testId="f120ede6-2b63-f51b-1f29-59fa8fbbfa8f" testName="CompareTimes" computerName="SO82" duration="00:00:00.0217969" startTime="2014-09-25T17:30:00.6904270+01:00" endTime="2014-09-25T17:30:01.2998020+01:00" testType="13cdc9d9-ddb5-4fa4-a97d-d965ccfc6d4b" outcome="Passed" testListId="8c84fa94-04c1-424b-9868-57a2d4851a1d" relativeResultsDirectory="e964b745-57ed-43bb-8a6c-f1eff3ae39d2">
    </UnitTestResult>
  </Results>
</TestRun>