<?xml version="1.0" encoding="UTF-8"?>
<TestRun id="e4516be8-2d85-4a85-9b1c-9d1c6fa3efab" name="Administrator@SO82 2014-09-25 15:29:58" runUser="SANDBOX\Administrator" xmlns="http://microsoft.com/schemas/VisualStudio/TeamTest/2010">
  <TestSettings name="Local" id="b9b3bef5-76f3-4c19-9122-cd14d37792c1">
    <Description>These are default test settings for a local test run.</Description>
    <Deployment enabled="false" runDeploymentRoot="Administrator_SO82 2014-09-25 15_29_58" />
    <Execution>
      <TestTypeSpecific />
      <AgentRule name="Execution Agents">
      </AgentRule>
    </Execution>
  </TestSettings>
  <Times creation="2014-09-25T15:29:58.0976451+01:00" queuing="2014-09-25T15:29:58.1913951+01:00" start="2014-09-25T15:29:58.3632701+01:00" finish="2014-09-25T15:29:58.7070201+01:00" />
  <ResultSummary outcome="Completed">
    <Counters total="1" executed="1" passed="1" error="0" failed="0" timeout="0" aborted="0" inconclusive="0" passedButRunAborted="0" notRunnable="0" notExecuted="0" disconnected="0" warning="0" completed="0" inProgress="0" pending="0" />
  </ResultSummary>
  <TestDefinitions>
    <UnitTest name="TestMethod1" storage="c:\users\administrator\documents\github\proj_c\consoleapplication1\testproject2\bin\debug\testproject2.dll" id="b96f2172-51f7-3767-573a-01ebaf3120be">
      <Execution id="987a0df9-c332-4575-817a-dcaff41dadeb" />
      <TestMethod codeBase="C:/Users/Administrator/Documents/GitHub/Proj_c/ConsoleApplication1/TestProject2/bin/Debug/TestProject2.DLL" adapterTypeName="Microsoft.VisualStudio.TestTools.TestTypes.Unit.UnitTestAdapter, Microsoft.VisualStudio.QualityTools.Tips.UnitTest.Adapter, Version=10.0.0.0, Culture=neutral, PublicKeyToken=b03f5f7f11d50a3a" className="TestProject2.UnitTest1, TestProject2, Version=1.0.0.0, Culture=neutral, PublicKeyToken=null" name="TestMethod1" />
    </UnitTest>
  </TestDefinitions>
  <TestLists>
    <TestList name="Results Not in a List" id="8c84fa94-04c1-424b-9868-57a2d4851a1d" />
    <TestList name="All Loaded Results" id="19431567-8539-422a-85d7-44ee4e166bda" />
  </TestLists>
  <TestEntries>
    <TestEntry testId="b96f2172-51f7-3767-573a-01ebaf3120be" executionId="987a0df9-c332-4575-817a-dcaff41dadeb" testListId="8c84fa94-04c1-424b-9868-57a2d4851a1d" />
  </TestEntries>
  <Results>
    <UnitTestResult executionId="987a0df9-c332-4575-817a-dcaff41dadeb" testId="b96f2172-51f7-3767-573a-01ebaf3120be" testName="TestMethod1" computerName="SO82" duration="00:00:00.0108115" startTime="2014-09-25T15:29:58.4101451+01:00" endTime="2014-09-25T15:29:58.5507701+01:00" testType="13cdc9d9-ddb5-4fa4-a97d-d965ccfc6d4b" outcome="Passed" testListId="8c84fa94-04c1-424b-9868-57a2d4851a1d" relativeResultsDirectory="987a0df9-c332-4575-817a-dcaff41dadeb">
    </UnitTestResult>
  </Results>
</TestRun>