<?xml version="1.0" encoding="UTF-8"?>
<TestRun id="191c4d6b-540f-4537-b321-4677753032fb" name="Administrator@SO82 2014-09-25 16:49:51" runUser="SANDBOX\Administrator" xmlns="http://microsoft.com/schemas/VisualStudio/TeamTest/2010">
  <TestSettings name="Local" id="01ed233b-4a33-4391-b07f-18159bc5b228">
    <Description>These are default test settings for a local test run.</Description>
    <Deployment enabled="false" runDeploymentRoot="Administrator_SO82 2014-09-25 16_49_51">
      <DeploymentItem filename="C:\Users\Administrator\Documents\GitHub\Proj_c\ConsoleApplication1\packages\NUnit.2.6.3\lib\nunit.framework.dll" />
      <DeploymentItem filename="C:\Users\Administrator\Documents\GitHub\Proj_c\ConsoleApplication1\ConsoleApplication1\bin\Debug\ConsoleApplication1.exe" />
    </Deployment>
    <Execution>
      <TestTypeSpecific />
      <AgentRule name="Execution Agents">
      </AgentRule>
    </Execution>
  </TestSettings>
  <Times creation="2014-09-25T16:49:51.1105430+01:00" queuing="2014-09-25T16:49:52.0636680+01:00" start="2014-09-25T16:49:52.3449180+01:00" finish="2014-09-25T16:53:17.0167930+01:00" />
  <ResultSummary outcome="Error">
    <Counters total="1" executed="1" error="0" failed="0" timeout="0" aborted="1" inconclusive="0" passedButRunAborted="0" notRunnable="0" notExecuted="0" disconnected="0" warning="0" passed="0" completed="0" inProgress="0" pending="0" />
    <RunInfos>
      <RunInfo computerName="SO82" outcome="Error" timestamp="2014-09-25T16:53:17.0167930+01:00">
        <Text>Test host process exited unexpectedly.</Text>
      </RunInfo>
    </RunInfos>
  </ResultSummary>
  <TestDefinitions>
    <UnitTest name="Duration" storage="c:\users\administrator\documents\github\proj_c\consoleapplication1\consoleapplication1_test\bin\debug\consoleapplication1_test.dll" id="6beddc81-680e-aeee-17ee-41584a5ba212">
      <Execution id="78b4007c-45c8-4df3-bc04-0602661bc575" />
      <TestMethod codeBase="C:/Users/Administrator/Documents/GitHub/Proj_c/ConsoleApplication1/ConsoleApplication1_Test/bin/Debug/ConsoleApplication1_Test.DLL" adapterTypeName="Microsoft.VisualStudio.TestTools.TestTypes.Unit.UnitTestAdapter, Microsoft.VisualStudio.QualityTools.Tips.UnitTest.Adapter, Version=10.0.0.0, Culture=neutral, PublicKeyToken=b03f5f7f11d50a3a" className="ConsoleApplication1_Test.TestSlot, ConsoleApplication1_Test, Version=1.0.0.0, Culture=neutral, PublicKeyToken=null" name="Duration" />
    </UnitTest>
  </TestDefinitions>
  <TestLists>
    <TestList name="Results Not in a List" id="8c84fa94-04c1-424b-9868-57a2d4851a1d" />
    <TestList name="All Loaded Results" id="19431567-8539-422a-85d7-44ee4e166bda" />
  </TestLists>
  <TestEntries>
    <TestEntry testId="6beddc81-680e-aeee-17ee-41584a5ba212" executionId="78b4007c-45c8-4df3-bc04-0602661bc575" testListId="8c84fa94-04c1-424b-9868-57a2d4851a1d" />
  </TestEntries>
  <Results>
    <UnitTestResult executionId="78b4007c-45c8-4df3-bc04-0602661bc575" testId="6beddc81-680e-aeee-17ee-41584a5ba212" testName="Duration" computerName="SO82" duration="00:03:24.5781250" startTime="2014-09-25T16:49:52.4386680+01:00" endTime="2014-09-25T16:53:17.0167930+01:00" testType="13cdc9d9-ddb5-4fa4-a97d-d965ccfc6d4b" outcome="Aborted" testListId="8c84fa94-04c1-424b-9868-57a2d4851a1d" relativeResultsDirectory="78b4007c-45c8-4df3-bc04-0602661bc575">
    </UnitTestResult>
  </Results>
</TestRun>